23:23:29 **** Clean-only build of project matmul_platform ****
buildplatform.bat 55739 matmul_platform clean 
XSDB Server Channel: tcfchan#1
Reading the platform  : "matmul_platform"
Cleaning the zynqmp_fsbl application.
rm -rf  xfsbl_partition_load.o  xfsbl_qspi.o  xfsbl_csu_dma.o  xfsbl_nand.o  xfsbl_image_header.o  xfsbl_hooks.o  xfsbl_main.o 
 xfsbl_dfu_util.o  xfsbl_tpm.o  xfsbl_initialization.o  xfsbl_ddr_init.o  xfsbl_handoff.o  psu_init.o  xfsbl_sd.o  xfsbl_board.
o  xfsbl_misc_drivers.o  xfsbl_bs.o  xfsbl_tpm_util.o  xfsbl_rsa_sha.o  xfsbl_plpartition_valid.o  xfsbl_misc.o  xfsbl_authenti
cation.o  xfsbl_usb.o  xfsbl_exit.o  xfsbl_translation_table.o zynqmp_fsbl_bsp/psu_cortexa53_0/lib/libxil.a fsbl_a53.elf *.o

Cleaning the zynqmp_fsbl application, bsp
make -C psu_cortexa53_0/libsrc/avbuf_v2_5/src -s clean 

make -C psu_cortexa53_0/libsrc/axipmon_v6_9/src -s clean 

make -C psu_cortexa53_0/libsrc/clockps_v1_4/src -s clean 

make -C psu_cortexa53_0/libsrc/coresightps_dcc_v1_8/src -s clean 

make -C psu_cortexa53_0/libsrc/cpu_cortexa53_v2_0/src -s clean 

make -C psu_cortexa53_0/libsrc/csudma_v1_12/src -s clean 

make -C psu_cortexa53_0/libsrc/ddrcpsu_v1_4/src -s clean 

make -C psu_cortexa53_0/libsrc/dpdma_v1_4/src -s clean 

make -C psu_cortexa53_0/libsrc/dppsu_v1_6/src -s clean 

make -C psu_cortexa53_0/libsrc/gpiops_v3_10/src -s clean 

make -C psu_cortexa53_0/libsrc/iicps_v3_16/src -s clean 

make -C psu_cortexa53_0/libsrc/ipipsu_v2_12/src -s clean 

make -C psu_cortexa53_0/libsrc/resetps_v1_5/src -s clean 

make -C psu_cortexa53_0/libsrc/rtcpsu_v1_12/src -s clean 

make -C psu_cortexa53_0/libsrc/scugic_v5_0/src -s clean 

make -C psu_cortexa53_0/libsrc/sdps_v4_0/src -s clean 

make -C psu_cortexa53_0/libsrc/spips_v3_8/src -s clean 

make -C psu_cortexa53_0/libsrc/standalone_v8_0/src -s clean 

make -C psu_cortexa53_0/libsrc/sysmonpsu_v2_8/src -s clean 

make -C psu_cortexa53_0/libsrc/ttcps_v3_16/src -s clean 

make -C psu_cortexa53_0/libsrc/uartps_v3_11/src -s clean 

make -C psu_cortexa53_0/libsrc/usbpsu_v1_12/src -s clean 

make -C psu_cortexa53_0/libsrc/video_common_v4_13/src -s clean 

make -C psu_cortexa53_0/libsrc/wdtps_v3_5/src -s clean 

make -C psu_cortexa53_0/libsrc/xilffs_v4_8/src -s clean 

make -C psu_cortexa53_0/libsrc/xilpm_v4_1/src -s clean 

make -C psu_cortexa53_0/libsrc/xilsecure_v5_0/src -s clean 

make -C psu_cortexa53_0/libsrc/zdma_v1_15/src -s clean 

rm -f psu_cortexa53_0/lib/libxil.a

Cleaning the zynqmp_pmufw application.
rm -rf  xpfw_mod_legacy.o  pm_csudma.o  xpfw_mod_em.o  xpfw_main.o  pm_power.o  xpfw_mod_rpu.o  pm_gpp.o  pm_periph.o  pm_pll.o
  idle_hooks.o  xpfw_core.o  pm_clock.o  pm_extern.o  xpfw_mod_extwdt.o  pm_reset.o  xpfw_mod_overtemp.o  xpfw_mod_stl.o  pm_ca
llbacks.o  pm_node_reset.o  xpfw_rom_interface.o  xpfw_mod_rtc.o  xpfw_util.o  xpfw_resets.o  xpfw_mod_pm.o  pm_slave.o  pm_bin
ding.o  pm_qspi.o  xpfw_xpu.o  pm_config.o  pm_core.o  pm_sram.o  pm_requirement.o  pm_notifier.o  xpfw_module.o  xpfw_restart.
o  xpfw_error_manager.o  pm_master.o  xpfw_ipi_manager.o  xpfw_mod_ultra96.o  xpfw_mod_sched.o  pm_usb.o  xpfw_mod_common.o  pm
_node.o  xpfw_platform.o  xpfw_mod_dap.o  pm_proc.o  xpfw_mod_wdt.o  xpfw_user_startup.o  pm_ioctl.o  pm_ddr.o  pm_pinctrl.o  x
pfw_events.o  xpfw_aib.o  pm_gic_proxy.o  xpfw_scheduler.o  pm_system.o  pm_mmio_access.o  pm_hooks.o  xpfw_interrupts.o  xpfw_
start.o zynqmp_pmufw_bsp/psu_pmu_0/lib/libxil.a pmufw.elf *.o

Cleaning the zynqmp_pmufw application, bsp
make -C psu_pmu_0/libsrc/avbuf_v2_5/src -s clean 

make -C psu_pmu_0/libsrc/axipmon_v6_9/src -s clean 

make -C psu_pmu_0/libsrc/clockps_v1_4/src -s clean 

make -C psu_pmu_0/libsrc/cpu_v2_16/src -s clean 

make -C psu_pmu_0/libsrc/csudma_v1_12/src -s clean 

make -C psu_pmu_0/libsrc/ddrcpsu_v1_4/src -s clean 

make -C psu_pmu_0/libsrc/dpdma_v1_4/src -s clean 

make -C psu_pmu_0/libsrc/dppsu_v1_6/src -s clean 

make -C psu_pmu_0/libsrc/gpiops_v3_10/src -s clean 

make -C psu_pmu_0/libsrc/iicps_v3_16/src -s clean 

make -C psu_pmu_0/libsrc/ipipsu_v2_12/src -s clean 

make -C psu_pmu_0/libsrc/resetps_v1_5/src -s clean 

make -C psu_pmu_0/libsrc/rtcpsu_v1_12/src -s clean 

make -C psu_pmu_0/libsrc/sdps_v4_0/src -s clean 

make -C psu_pmu_0/libsrc/spips_v3_8/src -s clean 

make -C psu_pmu_0/libsrc/standalone_v8_0/src -s clean 

make -C psu_pmu_0/libsrc/sysmonpsu_v2_8/src -s clean 

make -C psu_pmu_0/libsrc/ttcps_v3_16/src -s clean 

make -C psu_pmu_0/libsrc/uartps_v3_11/src -s clean 

make -C psu_pmu_0/libsrc/usbpsu_v1_12/src -s clean 

make -C psu_pmu_0/libsrc/video_common_v4_13/src -s clean 

make -C psu_pmu_0/libsrc/wdtps_v3_5/src -s clean 

make -C psu_pmu_0/libsrc/xilfpga_v6_3/src -s clean 

make -C psu_pmu_0/libsrc/xilsecure_v5_0/src -s clean 

make -C psu_pmu_0/libsrc/xilskey_v7_3/src -s clean 

make -C psu_pmu_0/libsrc/zdma_v1_15/src -s clean 

rm -f psu_pmu_0/lib/libxil.a

Cleaning the BSP for domain  - standalone_domain
make -C psu_cortexa53_0/libsrc/avbuf_v2_5/src -s clean 

make -C psu_cortexa53_0/libsrc/axipmon_v6_9/src -s clean 

make -C psu_cortexa53_0/libsrc/clockps_v1_4/src -s clean 

make -C psu_cortexa53_0/libsrc/coresightps_dcc_v1_8/src -s clean 

make -C psu_cortexa53_0/libsrc/cpu_cortexa53_v2_0/src -s clean 

make -C psu_cortexa53_0/libsrc/csudma_v1_12/src -s clean 

make -C psu_cortexa53_0/libsrc/ddrcpsu_v1_4/src -s clean 

make -C psu_cortexa53_0/libsrc/dpdma_v1_4/src -s clean 

make -C psu_cortexa53_0/libsrc/dppsu_v1_6/src -s clean 

make -C psu_cortexa53_0/libsrc/gpiops_v3_10/src -s clean 

make -C psu_cortexa53_0/libsrc/iicps_v3_16/src -s clean 

make -C psu_cortexa53_0/libsrc/ipipsu_v2_12/src -s clean 

make -C psu_cortexa53_0/libsrc/resetps_v1_5/src -s clean 

make -C psu_cortexa53_0/libsrc/rtcpsu_v1_12/src -s clean 

make -C psu_cortexa53_0/libsrc/scugic_v5_0/src -s clean 

make -C psu_cortexa53_0/libsrc/sdps_v4_0/src -s clean 

make -C psu_cortexa53_0/libsrc/spips_v3_8/src -s clean 

make -C psu_cortexa53_0/libsrc/standalone_v8_0/src -s clean 

make -C psu_cortexa53_0/libsrc/sysmonpsu_v2_8/src -s clean 

make -C psu_cortexa53_0/libsrc/ttcps_v3_16/src -s clean 

make -C psu_cortexa53_0/libsrc/uartps_v3_11/src -s clean 

make -C psu_cortexa53_0/libsrc/usbpsu_v1_12/src -s clean 

make -C psu_cortexa53_0/libsrc/video_common_v4_13/src -s clean 

make -C psu_cortexa53_0/libsrc/wdtps_v3_5/src -s clean 

make -C psu_cortexa53_0/libsrc/zdma_v1_15/src -s clean 

rm -f psu_cortexa53_0/lib/libxil.a


23:23:48 Build Finished (took 19s.409ms)

